<?xml version="1.0" encoding="UTF-8"?>
<!-- Generated by org.testng.reporters.JUnitReportReporter -->
<testsuite hostname="DESKTOP-GA1O7MP" failures="0" tests="1" name="test_Classes.TestClass_KiteAppUserValidation" time="12.922" errors="0" timestamp="2022-04-04T17:10:02 IST" skipped="0">
  <testcase classname="test_Classes.TestClass_KiteAppUserValidation" name="Validate_User" time="12.922"/>
  <system-out>
    <![CDATA[Kite Home page Successfully launched
UserId Validate Successfully,Tc is passed
As TC is passed,So Take Screenshot that HomePage
Taking Screenshot of TC becz TC is passed101]]>
  </system-out>
</testsuite> <!-- test_Classes.TestClass_KiteAppUserValidation -->
